2021-01-08 21:05:57,889 INFO =*=*=*=*=*=*=*=*=*=*=*=*=*=*=*=*=*=*=*=*=*
2021-01-08 21:05:57,889 INFO =*=*=*=*=*=.      NEW LOG      =*=*=*=*=*
2021-01-08 21:05:57,889 INFO =*=*=*=*=*=*=*=*=*=*=*=*=*=*=*=*=*=*=*=*=*
2021-01-08 21:05:58,634 INFO BEST PLAYER VERSION: 0
2021-01-08 21:05:58,652 INFO ====================
2021-01-08 21:05:58,652 INFO EPISODE 1 OF 30
2021-01-08 21:05:58,652 INFO ====================
2021-01-08 21:05:58,659 INFO best_player plays as X
2021-01-08 21:05:58,659 INFO ['사', '마', '포', '차', None, '차', '포', '마', '사']
2021-01-08 21:05:58,659 INFO [None, None, None, None, '졸', None, None, None, None]
2021-01-08 21:05:58,659 INFO [None, '상', None, None, None, None, None, '상', None]
2021-01-08 21:05:58,659 INFO ['왕', None, '왕', None, '왕', None, '왕', None, '왕']
2021-01-08 21:05:58,659 INFO [None, None, None, None, None, None, None, None, None]
2021-01-08 21:05:58,659 INFO [None, None, None, None, None, None, None, None, None]
2021-01-08 21:05:58,659 INFO ['졸', None, '졸', None, '졸', None, '졸', None, '졸']
2021-01-08 21:05:58,659 INFO [None, '포', None, None, None, None, None, '포', None]
2021-01-08 21:05:58,659 INFO [None, None, None, None, '왕', None, None, None, None]
2021-01-08 21:05:58,659 INFO ['차', '마', '상', '사', None, '사', '상', '마', '차']
2021-01-08 21:05:58,659 INFO --------------
2021-01-08 21:06:45,538 INFO =*=*=*=*=*=*=*=*=*=*=*=*=*=*=*=*=*=*=*=*=*
2021-01-08 21:06:45,539 INFO =*=*=*=*=*=.      NEW LOG      =*=*=*=*=*
2021-01-08 21:06:45,539 INFO =*=*=*=*=*=*=*=*=*=*=*=*=*=*=*=*=*=*=*=*=*
2021-01-08 21:06:46,271 INFO BEST PLAYER VERSION: 0
2021-01-08 21:06:46,290 INFO ====================
2021-01-08 21:06:46,290 INFO EPISODE 1 OF 30
2021-01-08 21:06:46,290 INFO ====================
2021-01-08 21:06:46,296 INFO best_player plays as X
2021-01-08 21:06:46,296 INFO ['사', '마', '포', '차', None, '차', '포', '마', '사']
2021-01-08 21:06:46,296 INFO [None, None, None, None, '졸', None, None, None, None]
2021-01-08 21:06:46,297 INFO [None, '상', None, None, None, None, None, '상', None]
2021-01-08 21:06:46,297 INFO ['왕', None, '왕', None, '왕', None, '왕', None, '왕']
2021-01-08 21:06:46,297 INFO [None, None, None, None, None, None, None, None, None]
2021-01-08 21:06:46,297 INFO [None, None, None, None, None, None, None, None, None]
2021-01-08 21:06:46,297 INFO ['졸', None, '졸', None, '졸', None, '졸', None, '졸']
2021-01-08 21:06:46,297 INFO [None, '포', None, None, None, None, None, '포', None]
2021-01-08 21:06:46,297 INFO [None, None, None, None, '왕', None, None, None, None]
2021-01-08 21:06:46,297 INFO ['차', '마', '상', '사', None, '사', '상', '마', '차']
2021-01-08 21:06:46,297 INFO --------------
2021-01-08 21:08:37,879 INFO =*=*=*=*=*=*=*=*=*=*=*=*=*=*=*=*=*=*=*=*=*
2021-01-08 21:08:37,880 INFO =*=*=*=*=*=.      NEW LOG      =*=*=*=*=*
2021-01-08 21:08:37,880 INFO =*=*=*=*=*=*=*=*=*=*=*=*=*=*=*=*=*=*=*=*=*
2021-01-08 21:08:38,710 INFO BEST PLAYER VERSION: 0
2021-01-08 21:08:38,729 INFO ====================
2021-01-08 21:08:38,729 INFO EPISODE 1 OF 30
2021-01-08 21:08:38,729 INFO ====================
2021-01-08 21:08:38,736 INFO best_player plays as X
2021-01-08 21:08:38,736 INFO ['사', '마', '포', '차', None, '차', '포', '마', '사']
2021-01-08 21:08:38,736 INFO [None, None, None, None, '졸', None, None, None, None]
2021-01-08 21:08:38,736 INFO [None, '상', None, None, None, None, None, '상', None]
2021-01-08 21:08:38,736 INFO ['왕', None, '왕', None, '왕', None, '왕', None, '왕']
2021-01-08 21:08:38,736 INFO [None, None, None, None, None, None, None, None, None]
2021-01-08 21:08:38,736 INFO [None, None, None, None, None, None, None, None, None]
2021-01-08 21:08:38,736 INFO ['졸', None, '졸', None, '졸', None, '졸', None, '졸']
2021-01-08 21:08:38,736 INFO [None, '포', None, None, None, None, None, '포', None]
2021-01-08 21:08:38,736 INFO [None, None, None, None, '왕', None, None, None, None]
2021-01-08 21:08:38,736 INFO ['차', '마', '상', '사', None, '사', '상', '마', '차']
2021-01-08 21:08:38,736 INFO --------------
2021-01-08 21:12:10,319 INFO =*=*=*=*=*=*=*=*=*=*=*=*=*=*=*=*=*=*=*=*=*
2021-01-08 21:12:10,319 INFO =*=*=*=*=*=.      NEW LOG      =*=*=*=*=*
2021-01-08 21:12:10,319 INFO =*=*=*=*=*=*=*=*=*=*=*=*=*=*=*=*=*=*=*=*=*
2021-01-08 21:12:11,059 INFO BEST PLAYER VERSION: 0
2021-01-08 21:12:11,078 INFO ====================
2021-01-08 21:12:11,078 INFO EPISODE 1 OF 30
2021-01-08 21:12:11,078 INFO ====================
2021-01-08 21:12:11,084 INFO best_player plays as X
2021-01-08 21:12:11,084 INFO ['사', '마', '포', '차', None, '차', '포', '마', '사']
2021-01-08 21:12:11,084 INFO [None, None, None, None, '졸', None, None, None, None]
2021-01-08 21:12:11,084 INFO [None, '상', None, None, None, None, None, '상', None]
2021-01-08 21:12:11,084 INFO ['왕', None, '왕', None, '왕', None, '왕', None, '왕']
2021-01-08 21:12:11,084 INFO [None, None, None, None, None, None, None, None, None]
2021-01-08 21:12:11,084 INFO [None, None, None, None, None, None, None, None, None]
2021-01-08 21:12:11,084 INFO ['졸', None, '졸', None, '졸', None, '졸', None, '졸']
2021-01-08 21:12:11,084 INFO [None, '포', None, None, None, None, None, '포', None]
2021-01-08 21:12:11,084 INFO [None, None, None, None, '왕', None, None, None, None]
2021-01-08 21:12:11,084 INFO ['차', '마', '상', '사', None, '사', '상', '마', '차']
2021-01-08 21:12:11,084 INFO --------------
2021-01-08 21:14:11,910 INFO =*=*=*=*=*=*=*=*=*=*=*=*=*=*=*=*=*=*=*=*=*
2021-01-08 21:14:11,910 INFO =*=*=*=*=*=.      NEW LOG      =*=*=*=*=*
2021-01-08 21:14:11,910 INFO =*=*=*=*=*=*=*=*=*=*=*=*=*=*=*=*=*=*=*=*=*
2021-01-08 21:14:12,723 INFO BEST PLAYER VERSION: 0
2021-01-08 21:14:12,743 INFO ====================
2021-01-08 21:14:12,743 INFO EPISODE 1 OF 30
2021-01-08 21:14:12,743 INFO ====================
2021-01-08 21:14:12,749 INFO best_player plays as X
2021-01-08 21:14:12,749 INFO ['사', '마', '포', '차', None, '차', '포', '마', '사']
2021-01-08 21:14:12,749 INFO [None, None, None, None, '졸', None, None, None, None]
2021-01-08 21:14:12,749 INFO [None, '상', None, None, None, None, None, '상', None]
2021-01-08 21:14:12,749 INFO ['왕', None, '왕', None, '왕', None, '왕', None, '왕']
2021-01-08 21:14:12,749 INFO [None, None, None, None, None, None, None, None, None]
2021-01-08 21:14:12,749 INFO [None, None, None, None, None, None, None, None, None]
2021-01-08 21:14:12,749 INFO ['졸', None, '졸', None, '졸', None, '졸', None, '졸']
2021-01-08 21:14:12,750 INFO [None, '포', None, None, None, None, None, '포', None]
2021-01-08 21:14:12,750 INFO [None, None, None, None, '왕', None, None, None, None]
2021-01-08 21:14:12,750 INFO ['차', '마', '상', '사', None, '사', '상', '마', '차']
2021-01-08 21:14:12,750 INFO --------------
2021-01-08 21:20:32,963 INFO =*=*=*=*=*=*=*=*=*=*=*=*=*=*=*=*=*=*=*=*=*
2021-01-08 21:20:32,963 INFO =*=*=*=*=*=.      NEW LOG      =*=*=*=*=*
2021-01-08 21:20:32,963 INFO =*=*=*=*=*=*=*=*=*=*=*=*=*=*=*=*=*=*=*=*=*
2021-01-08 21:20:33,707 INFO BEST PLAYER VERSION: 0
2021-01-08 21:20:33,727 INFO ====================
2021-01-08 21:20:33,727 INFO EPISODE 1 OF 30
2021-01-08 21:20:33,727 INFO ====================
2021-01-08 21:20:33,733 INFO best_player plays as X
2021-01-08 21:20:33,734 INFO ['사', '마', '포', '차', None, '차', '포', '마', '사']
2021-01-08 21:20:33,734 INFO [None, None, None, None, '졸', None, None, None, None]
2021-01-08 21:20:33,734 INFO [None, '상', None, None, None, None, None, '상', None]
2021-01-08 21:20:33,734 INFO ['왕', None, '왕', None, '왕', None, '왕', None, '왕']
2021-01-08 21:20:33,734 INFO [None, None, None, None, None, None, None, None, None]
2021-01-08 21:20:33,734 INFO [None, None, None, None, None, None, None, None, None]
2021-01-08 21:20:33,734 INFO ['졸', None, '졸', None, '졸', None, '졸', None, '졸']
2021-01-08 21:20:33,734 INFO [None, '포', None, None, None, None, None, '포', None]
2021-01-08 21:20:33,734 INFO [None, None, None, None, '왕', None, None, None, None]
2021-01-08 21:20:33,734 INFO ['차', '마', '상', '사', None, '사', '상', '마', '차']
2021-01-08 21:20:33,734 INFO --------------
2021-01-08 21:22:18,350 INFO =*=*=*=*=*=*=*=*=*=*=*=*=*=*=*=*=*=*=*=*=*
2021-01-08 21:22:18,350 INFO =*=*=*=*=*=.      NEW LOG      =*=*=*=*=*
2021-01-08 21:22:18,350 INFO =*=*=*=*=*=*=*=*=*=*=*=*=*=*=*=*=*=*=*=*=*
2021-01-08 21:22:19,117 INFO BEST PLAYER VERSION: 0
2021-01-08 21:22:19,136 INFO ====================
2021-01-08 21:22:19,136 INFO EPISODE 1 OF 30
2021-01-08 21:22:19,136 INFO ====================
2021-01-08 21:22:19,142 INFO best_player plays as X
2021-01-08 21:22:19,142 INFO ['사', '마', '포', '차', None, '차', '포', '마', '사']
2021-01-08 21:22:19,142 INFO [None, None, None, None, '졸', None, None, None, None]
2021-01-08 21:22:19,142 INFO [None, '상', None, None, None, None, None, '상', None]
2021-01-08 21:22:19,142 INFO ['왕', None, '왕', None, '왕', None, '왕', None, '왕']
2021-01-08 21:22:19,142 INFO [None, None, None, None, None, None, None, None, None]
2021-01-08 21:22:19,142 INFO [None, None, None, None, None, None, None, None, None]
2021-01-08 21:22:19,142 INFO ['졸', None, '졸', None, '졸', None, '졸', None, '졸']
2021-01-08 21:22:19,142 INFO [None, '포', None, None, None, None, None, '포', None]
2021-01-08 21:22:19,142 INFO [None, None, None, None, '왕', None, None, None, None]
2021-01-08 21:22:19,142 INFO ['차', '마', '상', '사', None, '사', '상', '마', '차']
2021-01-08 21:22:19,142 INFO --------------
2021-01-08 21:22:32,686 INFO =*=*=*=*=*=*=*=*=*=*=*=*=*=*=*=*=*=*=*=*=*
2021-01-08 21:22:32,686 INFO =*=*=*=*=*=.      NEW LOG      =*=*=*=*=*
2021-01-08 21:22:32,686 INFO =*=*=*=*=*=*=*=*=*=*=*=*=*=*=*=*=*=*=*=*=*
2021-01-08 21:22:33,420 INFO BEST PLAYER VERSION: 0
2021-01-08 21:22:33,439 INFO ====================
2021-01-08 21:22:33,439 INFO EPISODE 1 OF 30
2021-01-08 21:22:33,439 INFO ====================
2021-01-08 21:22:33,446 INFO best_player plays as X
2021-01-08 21:22:33,446 INFO ['사', '마', '포', '차', None, '차', '포', '마', '사']
2021-01-08 21:22:33,446 INFO [None, None, None, None, '졸', None, None, None, None]
2021-01-08 21:22:33,446 INFO [None, '상', None, None, None, None, None, '상', None]
2021-01-08 21:22:33,446 INFO ['왕', None, '왕', None, '왕', None, '왕', None, '왕']
2021-01-08 21:22:33,446 INFO [None, None, None, None, None, None, None, None, None]
2021-01-08 21:22:33,446 INFO [None, None, None, None, None, None, None, None, None]
2021-01-08 21:22:33,446 INFO ['졸', None, '졸', None, '졸', None, '졸', None, '졸']
2021-01-08 21:22:33,446 INFO [None, '포', None, None, None, None, None, '포', None]
2021-01-08 21:22:33,446 INFO [None, None, None, None, '왕', None, None, None, None]
2021-01-08 21:22:33,446 INFO ['차', '마', '상', '사', None, '사', '상', '마', '차']
2021-01-08 21:22:33,446 INFO --------------
2021-01-08 21:33:10,028 INFO =*=*=*=*=*=*=*=*=*=*=*=*=*=*=*=*=*=*=*=*=*
2021-01-08 21:33:10,028 INFO =*=*=*=*=*=.      NEW LOG      =*=*=*=*=*
2021-01-08 21:33:10,028 INFO =*=*=*=*=*=*=*=*=*=*=*=*=*=*=*=*=*=*=*=*=*
2021-01-08 21:33:10,799 INFO BEST PLAYER VERSION: 0
2021-01-08 21:33:10,817 INFO ====================
2021-01-08 21:33:10,817 INFO EPISODE 1 OF 30
2021-01-08 21:33:10,817 INFO ====================
2021-01-08 21:33:10,824 INFO best_player plays as X
2021-01-08 21:33:10,824 INFO ['사', '마', '포', '차', None, '차', '포', '마', '사']
2021-01-08 21:33:10,824 INFO [None, None, None, None, '졸', None, None, None, None]
2021-01-08 21:33:10,824 INFO [None, '상', None, None, None, None, None, '상', None]
2021-01-08 21:33:10,824 INFO ['왕', None, '왕', None, '왕', None, '왕', None, '왕']
2021-01-08 21:33:10,824 INFO [None, None, None, None, None, None, None, None, None]
2021-01-08 21:33:10,824 INFO [None, None, None, None, None, None, None, None, None]
2021-01-08 21:33:10,824 INFO ['졸', None, '졸', None, '졸', None, '졸', None, '졸']
2021-01-08 21:33:10,824 INFO [None, '포', None, None, None, None, None, '포', None]
2021-01-08 21:33:10,824 INFO [None, None, None, None, '왕', None, None, None, None]
2021-01-08 21:33:10,824 INFO ['차', '마', '상', '사', None, '사', '상', '마', '차']
2021-01-08 21:33:10,824 INFO --------------
